1715328432.180638 [0] pointcloud: config: Domain/General/MulticastRecvNetworkInterfaceAddresses/#text: preferred {}
1715328432.180663 [0] pointcloud: config: Domain/General/Interfaces/NetworkInterface[@autodetermine]: false {}
1715328432.180669 [0] pointcloud: config: Domain/General/Interfaces/NetworkInterface[@name]: docker0 {1}
1715328432.180675 [0] pointcloud: config: Domain/General/Interfaces/NetworkInterface[@address]:  {}
1715328432.180681 [0] pointcloud: config: Domain/General/Interfaces/NetworkInterface[@priority]: default {1}
1715328432.180686 [0] pointcloud: config: Domain/General/Interfaces/NetworkInterface[@prefer_multicast]: false {}
1715328432.180692 [0] pointcloud: config: Domain/General/Interfaces/NetworkInterface[@presence_required]: true {}
1715328432.180699 [0] pointcloud: config: Domain/General/Interfaces/NetworkInterface[@multicast]: default {1}
1715328432.180705 [0] pointcloud: config: Domain/General/ExternalNetworkAddress/#text: auto {}
1715328432.180709 [0] pointcloud: config: Domain/General/ExternalNetworkMask/#text: 0.0.0.0 {}
1715328432.180714 [0] pointcloud: config: Domain/General/AllowMulticast/#text: default {1}
1715328432.180719 [0] pointcloud: config: Domain/General/MulticastTimeToLive/#text: 32 {}
1715328432.180725 [0] pointcloud: config: Domain/General/DontRoute/#text: false {}
1715328432.180731 [0] pointcloud: config: Domain/General/Transport/#text: udp {}
1715328432.180736 [0] pointcloud: config: Domain/General/EnableMulticastLoopback/#text: true {}
1715328432.180743 [0] pointcloud: config: Domain/General/MaxMessageSize/#text: 65500 B {1}
1715328432.180748 [0] pointcloud: config: Domain/General/MaxRexmitMessageSize/#text: 1456 B {}
1715328432.180753 [0] pointcloud: config: Domain/General/FragmentSize/#text: 1344 B {}
1715328432.180759 [0] pointcloud: config: Domain/General/RedundantNetworking/#text: false {}
1715328432.180764 [0] pointcloud: config: Domain/General/EntityAutoNaming/#text: empty {}
1715328432.180771 [0] pointcloud: config: Domain/General/EntityAutoNaming[@seed]: 346385130 3870518326 2538596017 932714049 767654986 3746929342 3090848849 1650467869 {}
1715328432.180779 [0] pointcloud: config: Domain/Sizing/ReceiveBufferSize/#text: 1 MiB {}
1715328432.180785 [0] pointcloud: config: Domain/Sizing/ReceiveBufferChunkSize/#text: 128 KiB {}
1715328432.180790 [0] pointcloud: config: Domain/Compatibility/StandardsConformance/#text: lax {}
1715328432.180796 [0] pointcloud: config: Domain/Compatibility/ExplicitlyPublishQosSetToDefault/#text: false {}
1715328432.180802 [0] pointcloud: config: Domain/Compatibility/ManySocketsMode/#text: single {}
1715328432.180807 [0] pointcloud: config: Domain/Compatibility/AssumeRtiHasPmdEndpoints/#text: false {}
1715328432.180814 [0] pointcloud: config: Domain/Discovery/Tag/#text:  {}
1715328432.180819 [0] pointcloud: config: Domain/Discovery/ExternalDomainId/#text: 0 {}
1715328432.180825 [0] pointcloud: config: Domain/Discovery/DSGracePeriod/#text: 30 s {}
1715328432.180830 [0] pointcloud: config: Domain/Discovery/ParticipantIndex/#text: none {}
1715328432.180834 [0] pointcloud: config: Domain/Discovery/MaxAutoParticipantIndex/#text: 9 {}
1715328432.180839 [0] pointcloud: config: Domain/Discovery/SPDPMulticastAddress/#text: 239.255.0.1 {}
1715328432.180844 [0] pointcloud: config: Domain/Discovery/SPDPInterval/#text: 30 s {}
1715328432.180849 [0] pointcloud: config: Domain/Discovery/DefaultMulticastAddress/#text: auto {}
1715328432.180855 [0] pointcloud: config: Domain/Discovery/Ports/Base/#text: 7400 {}
1715328432.180860 [0] pointcloud: config: Domain/Discovery/Ports/DomainGain/#text: 250 {}
1715328432.180866 [0] pointcloud: config: Domain/Discovery/Ports/ParticipantGain/#text: 2 {}
1715328432.180870 [0] pointcloud: config: Domain/Discovery/Ports/MulticastMetaOffset/#text: 0 {}
1715328432.180881 [0] pointcloud: config: Domain/Discovery/Ports/UnicastMetaOffset/#text: 10 {}
1715328432.180885 [0] pointcloud: config: Domain/Discovery/Ports/MulticastDataOffset/#text: 1 {}
1715328432.180890 [0] pointcloud: config: Domain/Discovery/Ports/UnicastDataOffset/#text: 11 {}
1715328432.180895 [0] pointcloud: config: Domain/Discovery/EnableTopicDiscoveryEndpoints/#text: false {}
1715328432.180900 [0] pointcloud: config: Domain/Discovery/LeaseDuration/#text: 10 s {}
1715328432.180917 [0] pointcloud: config: Domain/Tracing/Category/#text: fatal,error,warning,info,config {1}
1715328432.180923 [0] pointcloud: config: Domain/Tracing/OutputFile/#text: cyclonedds.log {}
1715328432.180927 [0] pointcloud: config: Domain/Tracing/AppendToFile/#text: false {}
1715328432.180932 [0] pointcloud: config: Domain/Tracing/PacketCaptureFile/#text:  {}
1715328432.180937 [0] pointcloud: config: Domain/Internal/DeliveryQueueMaxSamples/#text: 256 {}
1715328432.180942 [0] pointcloud: config: Domain/Internal/PrimaryReorderMaxSamples/#text: 128 {}
1715328432.180946 [0] pointcloud: config: Domain/Internal/SecondaryReorderMaxSamples/#text: 128 {}
1715328432.180950 [0] pointcloud: config: Domain/Internal/DefragUnreliableMaxSamples/#text: 4 {}
1715328432.180955 [0] pointcloud: config: Domain/Internal/DefragReliableMaxSamples/#text: 16 {}
1715328432.180960 [0] pointcloud: config: Domain/Internal/BuiltinEndpointSet/#text: writers {}
1715328432.180964 [0] pointcloud: config: Domain/Internal/MeasureHbToAckLatency/#text: false {}
1715328432.180968 [0] pointcloud: config: Domain/Internal/UnicastResponseToSPDPMessages/#text: true {}
1715328432.180973 [0] pointcloud: config: Domain/Internal/SynchronousDeliveryPriorityThreshold/#text: 0 {}
1715328432.180978 [0] pointcloud: config: Domain/Internal/SynchronousDeliveryLatencyBound/#text: inf {}
1715328432.180982 [0] pointcloud: config: Domain/Internal/MaxParticipants/#text: 0 {}
1715328432.180987 [0] pointcloud: config: Domain/Internal/AccelerateRexmitBlockSize/#text: 0 {}
1715328432.180991 [0] pointcloud: config: Domain/Internal/RetransmitMerging/#text: never {}
1715328432.180996 [0] pointcloud: config: Domain/Internal/RetransmitMergingPeriod/#text: 5 ms {}
1715328432.181001 [0] pointcloud: config: Domain/Internal/HeartbeatInterval/#text: 100 ms {}
1715328432.181006 [0] pointcloud: config: Domain/Internal/HeartbeatInterval[@min]: 5 ms {}
1715328432.181011 [0] pointcloud: config: Domain/Internal/HeartbeatInterval[@minsched]: 20 ms {}
1715328432.181017 [0] pointcloud: config: Domain/Internal/HeartbeatInterval[@max]: 8 s {}
1715328432.181022 [0] pointcloud: config: Domain/Internal/MaxQueuedRexmitBytes/#text: 512 KiB {}
1715328432.181027 [0] pointcloud: config: Domain/Internal/MaxQueuedRexmitMessages/#text: 200 {}
1715328432.181033 [0] pointcloud: config: Domain/Internal/WriterLingerDuration/#text: 1 s {}
1715328432.181039 [0] pointcloud: config: Domain/Internal/SocketReceiveBufferSize[@min]: default {}
1715328432.181044 [0] pointcloud: config: Domain/Internal/SocketReceiveBufferSize[@max]: default {}
1715328432.181050 [0] pointcloud: config: Domain/Internal/SocketSendBufferSize[@min]: 64 KiB {}
1715328432.181054 [0] pointcloud: config: Domain/Internal/SocketSendBufferSize[@max]: default {}
1715328432.181059 [0] pointcloud: config: Domain/Internal/NackDelay/#text: 100 ms {}
1715328432.181064 [0] pointcloud: config: Domain/Internal/AckDelay/#text: 10 ms {}
1715328432.181068 [0] pointcloud: config: Domain/Internal/AutoReschedNackDelay/#text: 3 s {}
1715328432.181074 [0] pointcloud: config: Domain/Internal/PreEmptiveAckDelay/#text: 10 ms {}
1715328432.181080 [0] pointcloud: config: Domain/Internal/ScheduleTimeRounding/#text: 0 s {}
1715328432.181085 [0] pointcloud: config: Domain/Internal/DDSI2DirectMaxThreads/#text: 1 {}
1715328432.181091 [0] pointcloud: config: Domain/Internal/SquashParticipants/#text: false {}
1715328432.181097 [0] pointcloud: config: Domain/Internal/SPDPResponseMaxDelay/#text: 0 s {}
1715328432.181102 [0] pointcloud: config: Domain/Internal/LateAckMode/#text: false {}
1715328432.181106 [0] pointcloud: config: Domain/Internal/RetryOnRejectBestEffort/#text: false {}
1715328432.181115 [0] pointcloud: config: Domain/Internal/GenerateKeyhash/#text: false {}
1715328432.181121 [0] pointcloud: config: Domain/Internal/MaxSampleSize/#text: 2147483647 B {}
1715328432.181147 [0] pointcloud: config: Domain/Internal/LivelinessMonitoring/#text: false {}
1715328432.181153 [0] pointcloud: config: Domain/Internal/LivelinessMonitoring[@StackTraces]: true {}
1715328432.181158 [0] pointcloud: config: Domain/Internal/LivelinessMonitoring[@Interval]: 1 s {}
1715328432.181162 [0] pointcloud: config: Domain/Internal/MonitorPort/#text: -1 {}
1715328432.181168 [0] pointcloud: config: Domain/Internal/PrioritizeRetransmit/#text: true {}
1715328432.181172 [0] pointcloud: config: Domain/Internal/UseMulticastIfMreqn/#text: 0 {}
1715328432.181177 [0] pointcloud: config: Domain/Internal/RediscoveryBlacklistDuration/#text: 0 s {}
1715328432.181183 [0] pointcloud: config: Domain/Internal/RediscoveryBlacklistDuration[@enforce]: false {}
1715328432.181188 [0] pointcloud: config: Domain/Internal/MultipleReceiveThreads/#text: default {}
1715328432.181194 [0] pointcloud: config: Domain/Internal/MultipleReceiveThreads[@maxretries]: 4294967295 {}
1715328432.181201 [0] pointcloud: config: Domain/Internal/Test/XmitLossiness/#text: 0 {}
1715328432.181207 [0] pointcloud: config: Domain/Internal/Watermarks/WhcLow/#text: 1 KiB {}
1715328432.181213 [0] pointcloud: config: Domain/Internal/Watermarks/WhcHigh/#text: 500 KiB {1}
1715328432.181218 [0] pointcloud: config: Domain/Internal/Watermarks/WhcHighInit/#text: 30 KiB {}
1715328432.181223 [0] pointcloud: config: Domain/Internal/Watermarks/WhcAdaptive/#text: true {}
1715328432.181228 [0] pointcloud: config: Domain/Internal/BurstSize/MaxRexmit/#text: 1 MiB {}
1715328432.181233 [0] pointcloud: config: Domain/Internal/BurstSize/MaxInitTransmit/#text: 4294967295 {}
1715328432.181238 [0] pointcloud: config: Domain/Internal/EnableExpensiveChecks/#text:  {}
1715328432.181243 [0] pointcloud: config: Domain/TCP/NoDelay/#text: true {}
1715328432.181248 [0] pointcloud: config: Domain/TCP/Port/#text: -1 {}
1715328432.181253 [0] pointcloud: config: Domain/TCP/ReadTimeout/#text: 2 s {}
1715328432.181258 [0] pointcloud: config: Domain/TCP/WriteTimeout/#text: 2 s {}
1715328432.181262 [0] pointcloud: config: Domain/TCP/AlwaysUsePeeraddrForUnicast/#text: false {}
1715328432.181268 [0] pointcloud: config: Domain/SSL/Enable/#text: false {}
1715328432.181273 [0] pointcloud: config: Domain/SSL/CertificateVerification/#text: true {}
1715328432.181278 [0] pointcloud: config: Domain/SSL/VerifyClient/#text: true {}
1715328432.181282 [0] pointcloud: config: Domain/SSL/SelfSignedCertificates/#text: false {}
1715328432.181287 [0] pointcloud: config: Domain/SSL/KeystoreFile/#text: keystore {}
1715328432.181291 [0] pointcloud: config: Domain/SSL/KeyPassphrase/#text: secret {}
1715328432.181296 [0] pointcloud: config: Domain/SSL/Ciphers/#text: ALL:!ADH:!LOW:!EXP:!MD5:@STRENGTH {}
1715328432.181300 [0] pointcloud: config: Domain/SSL/EntropyFile/#text:  {}
1715328432.181304 [0] pointcloud: config: Domain/SSL/MinimumTLSVersion/#text: 1.3 {}
1715328432.181309 [0] pointcloud: config: Domain/SharedMemory/Enable/#text: false {}
1715328432.181313 [0] pointcloud: config: Domain/SharedMemory/Locator/#text:  {}
1715328432.181318 [0] pointcloud: config: Domain/SharedMemory/Prefix/#text: DDS_CYCLONE {}
1715328432.181322 [0] pointcloud: config: Domain/SharedMemory/LogLevel/#text: info {}
1715328432.181326 [0] pointcloud: config: Domain[@Id]: 0 {1}
1715328432.181389 [0] pointcloud: started at 1715328432.06181338 -- 2024-05-10 08:07:12+00:00
1715328432.181396 [0] pointcloud: udp initialized
11715328432.182403 [0] pointcloud: interfaces: lo udp/127.0.0.1(q1) enp4s0 udp/192.168.0.11(q9) wlp3s0 wireless udp/192.168.120.46(q9) br-13c12ca9c298 udp/172.22.0.1(q9) docker0 udp/172.17.0.1(q9)11715328432.182419 [0] pointcloud: selected interfaces: docker0 (index 6 priority 0)11715328432.182424 [0] pointcloud: presumed robust multicast support, use for everything1715328432.182445 [0] pointcloud: ownip: udp/172.17.0.1
1715328432.182448 [0] pointcloud: extmask: invalid/0 (not applicable)
1715328432.182452 [0] pointcloud: SPDP MC: udp/239.255.0.1
1715328432.182456 [0] pointcloud: default MC: udp/239.255.0.1
1715328432.182465 [0] pointcloud: SSM support included
1715328432.182632 [0] pointcloud: rtps_init: uc ports: disc 0 data 0
1715328432.182638 [0] pointcloud: rtps_init: domainid 0 participantid -2
1715328432.182642 [0] pointcloud: Unicast Ports: discovery 33084 data 33084
1715328432.182674 [0] pointcloud: Multicast Ports: discovery 7400 data 7401 
1715328432.182698 [0] pointcloud: interface docker0: transmit port 58265

